Build started 11/16/2015 8:48:39 PM.
     1>Project "F:\VS PROJECTS\XOR\XOR\XOR.vcxproj" on node 2 (build target(s)).
     1>InitializeBuildStatus:
         Creating "Release\XOR.unsuccessfulbuild" because "AlwaysCreate" was specified.
       ClCompile:
         C:\Program Files (x86)\Microsoft Visual Studio 10.0\VC\bin\CL.exe /c /Zi /nologo /W3 /WX- /O2 /Oi /Oy- /GL /D _MBCS /Gm- /EHsc /MD /GS /Gy /fp:precise /Zc:wchar_t /Zc:forScope /Fo"Release\\" /Fd"Release\vc100.pdb" /Gd /TP /analyze- /errorReport:prompt main.cpp
         main.cpp
     1>main.cpp(55): warning C4244: 'argument' : conversion from 'time_t' to 'unsigned int', possible loss of data
       Link:
         C:\Program Files (x86)\Microsoft Visual Studio 10.0\VC\bin\link.exe /ERRORREPORT:PROMPT /OUT:"F:\VS PROJECTS\XOR\Release\XOR.exe" /NOLOGO kernel32.lib user32.lib gdi32.lib winspool.lib comdlg32.lib advapi32.lib shell32.lib ole32.lib oleaut32.lib uuid.lib odbc32.lib odbccp32.lib /MANIFEST /ManifestFile:"Release\XOR.exe.intermediate.manifest" /MANIFESTUAC:"level='asInvoker' uiAccess='false'" /DEBUG /PDB:"F:\VS PROJECTS\XOR\Release\XOR.pdb" /OPT:REF /OPT:ICF /LTCG /TLBID:1 /DYNAMICBASE /NXCOMPAT /IMPLIB:"F:\VS PROJECTS\XOR\Release\XOR.lib" /MACHINE:X86 Release\main.obj
         Generating code
     1>f:\vs projects\xor\xor\main.cpp(51): warning C4715: 'KeyIsListed' : not all control paths return a value
         Finished generating code
         XOR.vcxproj -> F:\VS PROJECTS\XOR\Release\XOR.exe
       Manifest:
         C:\Program Files (x86)\Microsoft SDKs\Windows\v7.0A\bin\mt.exe /nologo /verbose /outputresource:"F:\VS PROJECTS\XOR\Release\XOR.exe;#1" /manifest Release\XOR.exe.intermediate.manifest
       FinalizeBuildStatus:
         Deleting file "Release\XOR.unsuccessfulbuild".
         Touching "Release\XOR.lastbuildstate".
     1>Done Building Project "F:\VS PROJECTS\XOR\XOR\XOR.vcxproj" (build target(s)).

Build succeeded.

Time Elapsed 00:00:02.66
