Build started 11/16/2015 8:47:41 PM.
     1>Project "F:\VS PROJECTS\XOR\XOR\XOR.vcxproj" on node 2 (build target(s)).
     1>InitializeBuildStatus:
         Creating "Debug\XOR.unsuccessfulbuild" because "AlwaysCreate" was specified.
       ClCompile:
         C:\Program Files (x86)\Microsoft Visual Studio 10.0\VC\bin\CL.exe /c /ZI /nologo /W3 /WX- /Od /Oy- /D _MBCS /Gm /EHsc /RTC1 /MDd /GS /fp:precise /Zc:wchar_t /Zc:forScope /Fo"Debug\\" /Fd"Debug\vc100.pdb" /Gd /TP /analyze- /errorReport:prompt main.cpp
         main.cpp
     1>f:\vs projects\xor\xor\main.cpp(55): warning C4244: 'argument' : conversion from 'time_t' to 'unsigned int', possible loss of data
     1>f:\vs projects\xor\xor\main.cpp(51): warning C4715: 'KeyIsListed' : not all control paths return a value
       Link:
         C:\Program Files (x86)\Microsoft Visual Studio 10.0\VC\bin\link.exe /ERRORREPORT:PROMPT /OUT:"F:\VS PROJECTS\XOR\Debug\XOR.exe" /NOLOGO kernel32.lib user32.lib gdi32.lib winspool.lib comdlg32.lib advapi32.lib shell32.lib ole32.lib oleaut32.lib uuid.lib odbc32.lib odbccp32.lib /MANIFEST /ManifestFile:"Debug\XOR.exe.intermediate.manifest" /MANIFESTUAC:"level='asInvoker' uiAccess='false'" /DEBUG /PDB:"F:\VS PROJECTS\XOR\Debug\XOR.pdb" /TLBID:1 /DYNAMICBASE /NXCOMPAT /IMPLIB:"F:\VS PROJECTS\XOR\Debug\XOR.lib" /MACHINE:X86 Debug\main.obj
         LINK : F:\VS PROJECTS\XOR\Debug\XOR.exe not found or not built by the last incremental link; performing full link
         XOR.vcxproj -> F:\VS PROJECTS\XOR\Debug\XOR.exe
       Manifest:
         C:\Program Files (x86)\Microsoft SDKs\Windows\v7.0A\bin\mt.exe /nologo /verbose /outputresource:"F:\VS PROJECTS\XOR\Debug\XOR.exe;#1" /manifest Debug\XOR.exe.intermediate.manifest
       FinalizeBuildStatus:
         Deleting file "Debug\XOR.unsuccessfulbuild".
         Touching "Debug\XOR.lastbuildstate".
     1>Done Building Project "F:\VS PROJECTS\XOR\XOR\XOR.vcxproj" (build target(s)).

Build succeeded.

Time Elapsed 00:00:00.97
